Build started 2/20/2013 7:57:46 AM.
     1>Project "C:\Users\Colton McGee\Documents\GitHub\GSPCAGE\MainCore\GSP420MainCore\GSP420MainCore.vcxproj" on node 2 (build target(s)).
     1>InitializeBuildStatus:
         Creating "Debug\GSP420MainCore.unsuccessfulbuild" because "AlwaysCreate" was specified.
       ClCompile:
         All outputs are up-to-date.
         C:\Program Files\Microsoft Visual Studio 10.0\VC\bin\CL.exe /c /ZI /nologo /W3 /WX- /Od /Oy- /D WIN32 /D _DEBUG /D _CONSOLE /D _MBCS /Gm /EHsc /RTC1 /MDd /GS /fp:precise /Zc:wchar_t /Zc:forScope /Fo"Debug\\" /Fd"Debug\vc100.pdb" /Gd /TP /analyze- /errorReport:prompt ..\..\RenderingCore\C++\AllocMeshHierarchy.cpp ..\..\RenderingCore\C++\AnimatedModel.cpp ..\..\RenderingCore\C++\EngineMain.cpp ..\..\RenderingCore\C++\Model.cpp ..\..\RenderingCore\C++\RenderingInterface.cpp ..\..\RenderingCore\C++\Shaders.cpp
         Shaders.cpp
         Model.cpp
         EngineMain.cpp
         AnimatedModel.cpp
         AllocMeshHierarchy.cpp
     1>c:\users\colton mcgee\documents\github\gspcage\renderingcore\c++\allocmeshhierarchy.cpp(13): warning C4996: 'strcpy': This function or variable may be unsafe. Consider using strcpy_s instead. To disable deprecation, use _CRT_SECURE_NO_WARNINGS. See online help for details.
                 c:\program files\microsoft visual studio 10.0\vc\include\string.h(105) : see declaration of 'strcpy'
         Generating Code...
         Compiling...
         RenderingInterface.cpp
         Generating Code...
         C:\Program Files\Microsoft Visual Studio 10.0\VC\bin\CL.exe /c /ZI /nologo /W3 /WX- /Od /Oy- /D WIN32 /D _DEBUG /D _CONSOLE /D _MBCS /Gm /EHsc /RTC1 /MDd /GS /fp:precise /Zc:wchar_t /Zc:forScope /Yu"StdAfx.h" /Fp"Debug\GSP420MainCore.pch" /Fo"Debug\\" /Fd"Debug\vc100.pdb" /Gd /TP /analyze- /errorReport:prompt GSP420MainCore.cpp MainInterface.cpp StateManager.cpp
         StateManager.cpp
         MainInterface.cpp
         GSP420MainCore.cpp
         Generating Code...
       ManifestResourceCompile:
         All outputs are up-to-date.
       Link:
         C:\Program Files\Microsoft Visual Studio 10.0\VC\bin\link.exe /ERRORREPORT:PROMPT /OUT:"C:\Users\Colton McGee\Documents\GitHub\GSPCAGE\MainCore\Debug\GSP420MainCore.exe" /INCREMENTAL /NOLOGO kernel32.lib user32.lib gdi32.lib winspool.lib comdlg32.lib advapi32.lib shell32.lib ole32.lib oleaut32.lib uuid.lib odbc32.lib odbccp32.lib dxguid.lib dinput8.lib d3d9.lib d3dx9.lib dxerr.lib kernel32.lib user32.lib gdi32.lib winspool.lib comdlg32.lib advapi32.lib shell32.lib ole32.lib oleaut32.lib uuid.lib odbc32.lib odbccp32.lib /MANIFEST /ManifestFile:"Debug\GSP420MainCore.exe.intermediate.manifest" /MANIFESTUAC:"level='asInvoker' uiAccess='false'" /DEBUG /PDB:"C:\Users\Colton McGee\Documents\GitHub\GSPCAGE\MainCore\Debug\GSP420MainCore.pdb" /SUBSYSTEM:CONSOLE /TLBID:1 /DYNAMICBASE /NXCOMPAT /IMPLIB:"C:\Users\Colton McGee\Documents\GitHub\GSPCAGE\MainCore\Debug\GSP420MainCore.lib" /MACHINE:X86 Debug\GSP420MainCore.exe.embed.manifest.res
         Debug\AllocMeshHierarchy.obj
         Debug\AnimatedModel.obj
         Debug\Camera.obj
         Debug\d3dApp.obj
         Debug\d3dUtil.obj
         Debug\DirectInput.obj
         Debug\EngineMain.obj
         Debug\GfxStats.obj
         Debug\Lighting.obj
         Debug\Model.obj
         Debug\RenderingInterface.obj
         Debug\Shaders.obj
         Debug\Vertex.obj
         Debug\GSP420MainCore.obj
         Debug\MainInterface.obj
         Debug\StateManager.obj
         Debug\stdafx.obj
         Debug\WorldObject.obj
       Manifest:
         c:\Program Files\Microsoft SDKs\Windows\v7.0A\bin\mt.exe /nologo /verbose /out:"Debug\GSP420MainCore.exe.embed.manifest" /manifest Debug\GSP420MainCore.exe.intermediate.manifest
         All outputs are up-to-date.
       LinkEmbedManifest:
         All outputs are up-to-date.
         GSP420MainCore.vcxproj -> C:\Users\Colton McGee\Documents\GitHub\GSPCAGE\MainCore\Debug\GSP420MainCore.exe
       FinalizeBuildStatus:
         Deleting file "Debug\GSP420MainCore.unsuccessfulbuild".
         Touching "Debug\GSP420MainCore.lastbuildstate".
     1>Done Building Project "C:\Users\Colton McGee\Documents\GitHub\GSPCAGE\MainCore\GSP420MainCore\GSP420MainCore.vcxproj" (build target(s)).

Build succeeded.

Time Elapsed 00:00:21.72
